facerecognition/build/outputs/logs/manifest-merger-debug-report.txt
-- Merging decision tree log ---
manifest
ADDED from src\main\AndroidManifest.xml:2:1-53:12
	package
		ADDED from src\main\AndroidManifest.xml:3:11-54
		INJECTED from src\main\AndroidManifest.xml
		INJECTED from src\main\AndroidManifest.xml
	android:versionName
		ADDED from src\main\AndroidManifest.xml:5:11-36
		INJECTED from src\main\AndroidManifest.xml
		INJECTED from src\main\AndroidManifest.xml
	android:versionCode
		ADDED from src\main\AndroidManifest.xml:4:11-35
		INJECTED from src\main\AndroidManifest.xml
		INJECTED from src\main\AndroidManifest.xml
	xmlns:android
		ADDED from src\main\AndroidManifest.xml:2:11-69
uses-permission#android.permission.ACCESS_COARSE_LOCATION
ADDED from src\main\AndroidManifest.xml:7:5-80
	android:name
		ADDED from src\main\AndroidManifest.xml:7:22-78
uses-permission#android.permission.ACCESS_FINE_LOCATION
ADDED from src\main\AndroidManifest.xml:8:5-79
	android:name
		ADDED from src\main\AndroidManifest.xml:8:22-76
uses-permission#android.permission.WRITE_EXTERNAL_STORAGE
ADDED from src\main\AndroidManifest.xml:10:5-81
	android:name
		ADDED from src\main\AndroidManifest.xml:10:22-78
application
ADDED from src\main\AndroidManifest.xml:11:5-36:19
	android:label
		ADDED from src\main\AndroidManifest.xml:12:9-41
	android:icon
		ADDED from src\main\AndroidManifest.xml:13:9-43
	android:theme
		ADDED from src\main\AndroidManifest.xml:14:9-67
activity#org.opencv.javacv.facerecognition.FdActivity
ADDED from src\main\AndroidManifest.xml:16:9-24:20
	android:screenOrientation
		ADDED from src\main\AndroidManifest.xml:18:19-56
	android:label
		ADDED from src\main\AndroidManifest.xml:17:19-51
	android:configChanges
		ADDED from src\main\AndroidManifest.xml:19:19-69
	android:name
		ADDED from src\main\AndroidManifest.xml:16:19-78
intent-filter#android.intent.action.MAIN+android.intent.category.LAUNCHER
ADDED from src\main\AndroidManifest.xml:20:13-23:29
action#android.intent.action.MAIN
ADDED from src\main\AndroidManifest.xml:21:17-69
	android:name
		ADDED from src\main\AndroidManifest.xml:21:25-66
category#android.intent.category.LAUNCHER
ADDED from src\main\AndroidManifest.xml:22:17-77
	android:name
		ADDED from src\main\AndroidManifest.xml:22:27-74
activity#org.opencv.javacv.facerecognition.ImageGallery
ADDED from src\main\AndroidManifest.xml:26:9-34:20
	android:screenOrientation
		ADDED from src\main\AndroidManifest.xml:28:19-56
	android:label
		ADDED from src\main\AndroidManifest.xml:27:19-51
	android:configChanges
		ADDED from src\main\AndroidManifest.xml:29:19-69
	android:name
		ADDED from src\main\AndroidManifest.xml:26:19-80
intent-filter#android.intent.action.VIEW+android.intent.category.DEFAULT
ADDED from src\main\AndroidManifest.xml:30:9-33:19
action#android.intent.action.VIEW
ADDED from src\main\AndroidManifest.xml:31:3-55
	android:name
		ADDED from src\main\AndroidManifest.xml:31:11-52
category#android.intent.category.DEFAULT
ADDED from src\main\AndroidManifest.xml:32:3-62
	android:name
		ADDED from src\main\AndroidManifest.xml:32:13-59
supports-screens
ADDED from src\main\AndroidManifest.xml:38:5-42:51
	android:largeScreens
		ADDED from src\main\AndroidManifest.xml:41:23-50
	android:smallScreens
		ADDED from src\main\AndroidManifest.xml:39:23-50
	android:normalScreens
		ADDED from src\main\AndroidManifest.xml:40:23-51
	android:resizeable
		ADDED from src\main\AndroidManifest.xml:38:23-48
	android:anyDensity
		ADDED from src\main\AndroidManifest.xml:42:23-48
uses-sdk
ADDED from src\main\AndroidManifest.xml:44:5-43
MERGED from [face-recognition-phone:openCVLibrary2410:unspecified] AndroidManifest.xml:7:5-9:40
	android:targetSdkVersion
		INJECTED from src\main\AndroidManifest.xml
		INJECTED from src\main\AndroidManifest.xml
	android:minSdkVersion
		ADDED from src\main\AndroidManifest.xml:44:15-40
		INJECTED from src\main\AndroidManifest.xml
		INJECTED from src\main\AndroidManifest.xml
uses-permission#android.permission.CAMERA
ADDED from src\main\AndroidManifest.xml:46:5-64
	android:name
		ADDED from src\main\AndroidManifest.xml:46:22-62
uses-feature#android.hardware.camera
ADDED from src\main\AndroidManifest.xml:48:5-84
	android:required
		ADDED from src\main\AndroidManifest.xml:48:58-82
	android:name
		ADDED from src\main\AndroidManifest.xml:48:19-57
uses-feature#android.hardware.camera.autofocus
ADDED from src\main\AndroidManifest.xml:49:5-94
	android:required
		ADDED from src\main\AndroidManifest.xml:49:68-92
	android:name
		ADDED from src\main\AndroidManifest.xml:49:19-67
uses-feature#android.hardware.camera.front
ADDED from src\main\AndroidManifest.xml:50:5-90
	android:required
		ADDED from src\main\AndroidManifest.xml:50:64-88
	android:name
		ADDED from src\main\AndroidManifest.xml:50:19-63
uses-feature#android.hardware.camera.front.autofocus
ADDED from src\main\AndroidManifest.xml:51:5-100
	android:required
		ADDED from src\main\AndroidManifest.xml:51:74-98
	android:name
		ADDED from src\main\AndroidManifest.xml:51:19-73